2023-11-10 10:11:29,364 [Worker-8: Loading available Gradle versions] INFO  o.e.b.c.i.u.g.PublishedGradleVersions - Gradle version information cache is out-of-date. Trying to update.
2023-11-10 11:19:02,241 [Worker-12: Creating maven-archetype-quickstart] INFO  o.e.m.c.i.p.ProjectConfigurationManager - Collecting project info '/pom.xml' /Users/Shalini/Desktop/SynechronWS/SpringCoreDemo/pom.xml
2023-11-10 11:19:03,440 [Worker-12: Creating maven-archetype-quickstart] INFO  o.e.m.c.i.l.LifecycleMappingFactory - Using org.eclipse.m2e.jdt.JarLifecycleMapping lifecycle mapping for MavenProject: com.demo:SpringCoreDemo:0.0.1-SNAPSHOT @ /Users/Shalini/Desktop/SynechronWS/SpringCoreDemo/pom.xml.
2023-11-10 11:19:04,709 [Worker-12: Creating maven-archetype-quickstart] INFO  o.e.m.j.i.AbstractJavaProjectConfigurator - Adding source folder /SpringCoreDemo/src/main/java
2023-11-10 11:19:04,712 [Worker-12: Creating maven-archetype-quickstart] INFO  o.e.m.j.i.AbstractJavaProjectConfigurator - Adding source folder /SpringCoreDemo/src/test/java
2023-11-10 11:19:04,828 [Worker-12: Creating maven-archetype-quickstart] INFO  o.e.m.c.i.p.ProjectConfigurationManager - Imported and configured 1 project(s) in 2 sec
2023-11-10 11:19:05,618 [Worker-27: Building] INFO  o.e.m.c.i.embedder.EclipseLogger - Using 'UTF-8' encoding to copy filtered resources.
2023-11-10 11:19:05,619 [Worker-27: Building] INFO  o.e.m.c.i.embedder.EclipseLogger - skip non existing resourceDirectory /Users/Shalini/Desktop/SynechronWS/SpringCoreDemo/src/main/resources
2023-11-10 11:19:05,624 [Worker-27: Building] INFO  o.e.m.c.i.embedder.EclipseLogger - Using 'UTF-8' encoding to copy filtered resources.
2023-11-10 11:19:05,624 [Worker-27: Building] INFO  o.e.m.c.i.embedder.EclipseLogger - skip non existing resourceDirectory /Users/Shalini/Desktop/SynechronWS/SpringCoreDemo/src/test/resources
2023-11-10 11:19:56,508 [Worker-30: Importing Maven projects] INFO  o.e.m.c.i.l.LifecycleMappingFactory - Using org.eclipse.m2e.jdt.JarLifecycleMapping lifecycle mapping for MavenProject: com.payment:PaymentProject:0.0.1-SNAPSHOT @ /Users/Shalini/Desktop/SynechronWS/PaymentProject/pom.xml.
2023-11-10 11:19:56,621 [Worker-30: Importing Maven projects] INFO  o.e.m.j.i.AbstractJavaProjectConfigurator - Adding source folder /PaymentProject/src/main/java
2023-11-10 11:19:56,623 [Worker-30: Importing Maven projects] INFO  o.e.m.j.i.AbstractJavaProjectConfigurator - Adding source folder /PaymentProject/src/test/java
2023-11-10 11:19:56,647 [Worker-30: Importing Maven projects] INFO  o.e.m.c.i.p.ProjectConfigurationManager - Imported and configured 1 project(s) in 0 sec
2023-11-10 11:19:57,075 [Worker-30: Building] INFO  o.e.m.c.i.embedder.EclipseLogger - Using 'UTF-8' encoding to copy filtered resources.
2023-11-10 11:19:57,076 [Worker-30: Building] INFO  o.e.m.c.i.embedder.EclipseLogger - skip non existing resourceDirectory /Users/Shalini/Desktop/SynechronWS/PaymentProject/src/main/resources
2023-11-10 11:19:57,077 [Worker-30: Building] INFO  o.e.m.c.i.embedder.EclipseLogger - Using 'UTF-8' encoding to copy filtered resources.
2023-11-10 11:19:57,077 [Worker-30: Building] INFO  o.e.m.c.i.embedder.EclipseLogger - skip non existing resourceDirectory /Users/Shalini/Desktop/SynechronWS/PaymentProject/src/test/resources
2023-11-10 11:24:59,917 [Worker-27: Building] INFO  o.e.m.c.i.embedder.EclipseLogger - Using 'UTF-8' encoding to copy filtered resources.
2023-11-10 11:24:59,918 [Worker-27: Building] INFO  o.e.m.c.i.embedder.EclipseLogger - skip non existing resourceDirectory /Users/Shalini/Desktop/SynechronWS/SpringCoreDemo/src/main/resources
2023-11-10 11:24:59,922 [Worker-27: Building] INFO  o.e.m.c.i.embedder.EclipseLogger - Using 'UTF-8' encoding to copy filtered resources.
2023-11-10 11:24:59,922 [Worker-27: Building] INFO  o.e.m.c.i.embedder.EclipseLogger - skip non existing resourceDirectory /Users/Shalini/Desktop/SynechronWS/SpringCoreDemo/src/test/resources
2023-11-10 11:25:29,410 [Worker-27: Building] INFO  o.e.m.c.i.embedder.EclipseLogger - Using 'UTF-8' encoding to copy filtered resources.
2023-11-10 11:25:29,413 [Worker-27: Building] INFO  o.e.m.c.i.embedder.EclipseLogger - skip non existing resourceDirectory /Users/Shalini/Desktop/SynechronWS/SpringCoreDemo/src/main/resources
2023-11-10 11:25:29,419 [Worker-27: Building] INFO  o.e.m.c.i.embedder.EclipseLogger - Using 'UTF-8' encoding to copy filtered resources.
2023-11-10 11:25:29,419 [Worker-27: Building] INFO  o.e.m.c.i.embedder.EclipseLogger - skip non existing resourceDirectory /Users/Shalini/Desktop/SynechronWS/SpringCoreDemo/src/test/resources
2023-11-10 11:26:06,432 [Worker-32: Building] INFO  o.e.m.c.i.embedder.EclipseLogger - Using 'UTF-8' encoding to copy filtered resources.
2023-11-10 11:26:06,433 [Worker-32: Building] INFO  o.e.m.c.i.embedder.EclipseLogger - skip non existing resourceDirectory /Users/Shalini/Desktop/SynechronWS/SpringCoreDemo/src/main/resources
2023-11-10 11:26:06,434 [Worker-32: Building] INFO  o.e.m.c.i.embedder.EclipseLogger - Using 'UTF-8' encoding to copy filtered resources.
2023-11-10 11:26:06,434 [Worker-32: Building] INFO  o.e.m.c.i.embedder.EclipseLogger - skip non existing resourceDirectory /Users/Shalini/Desktop/SynechronWS/SpringCoreDemo/src/test/resources
2023-11-10 11:26:15,859 [Worker-30: Building] INFO  o.e.m.c.i.embedder.EclipseLogger - Using 'UTF-8' encoding to copy filtered resources.
2023-11-10 11:26:15,860 [Worker-30: Building] INFO  o.e.m.c.i.embedder.EclipseLogger - skip non existing resourceDirectory /Users/Shalini/Desktop/SynechronWS/SpringCoreDemo/src/main/resources
2023-11-10 11:26:15,863 [Worker-30: Building] INFO  o.e.m.c.i.embedder.EclipseLogger - Using 'UTF-8' encoding to copy filtered resources.
2023-11-10 11:26:15,863 [Worker-30: Building] INFO  o.e.m.c.i.embedder.EclipseLogger - skip non existing resourceDirectory /Users/Shalini/Desktop/SynechronWS/SpringCoreDemo/src/test/resources
2023-11-10 11:26:17,495 [Worker-33: Building] INFO  o.e.m.c.i.embedder.EclipseLogger - Using 'UTF-8' encoding to copy filtered resources.
2023-11-10 11:26:17,495 [Worker-33: Building] INFO  o.e.m.c.i.embedder.EclipseLogger - skip non existing resourceDirectory /Users/Shalini/Desktop/SynechronWS/SpringCoreDemo/src/main/resources
2023-11-10 11:26:17,498 [Worker-33: Building] INFO  o.e.m.c.i.embedder.EclipseLogger - Using 'UTF-8' encoding to copy filtered resources.
2023-11-10 11:26:17,499 [Worker-33: Building] INFO  o.e.m.c.i.embedder.EclipseLogger - skip non existing resourceDirectory /Users/Shalini/Desktop/SynechronWS/SpringCoreDemo/src/test/resources
2023-11-10 11:27:17,389 [Worker-30: Building] INFO  o.e.m.c.i.embedder.EclipseLogger - Using 'UTF-8' encoding to copy filtered resources.
2023-11-10 11:27:17,391 [Worker-30: Building] INFO  o.e.m.c.i.embedder.EclipseLogger - skip non existing resourceDirectory /Users/Shalini/Desktop/SynechronWS/SpringCoreDemo/src/main/resources
2023-11-10 11:27:17,415 [Worker-30: Building] INFO  o.e.m.c.i.embedder.EclipseLogger - Using 'UTF-8' encoding to copy filtered resources.
2023-11-10 11:27:17,415 [Worker-30: Building] INFO  o.e.m.c.i.embedder.EclipseLogger - skip non existing resourceDirectory /Users/Shalini/Desktop/SynechronWS/SpringCoreDemo/src/test/resources
2023-11-10 11:28:29,120 [Worker-34: Building] INFO  o.e.m.c.i.embedder.EclipseLogger - Using 'UTF-8' encoding to copy filtered resources.
2023-11-10 11:28:29,122 [Worker-34: Building] INFO  o.e.m.c.i.embedder.EclipseLogger - skip non existing resourceDirectory /Users/Shalini/Desktop/SynechronWS/SpringCoreDemo/src/main/resources
2023-11-10 11:28:29,123 [Worker-34: Building] INFO  o.e.m.c.i.embedder.EclipseLogger - Using 'UTF-8' encoding to copy filtered resources.
2023-11-10 11:28:29,123 [Worker-34: Building] INFO  o.e.m.c.i.embedder.EclipseLogger - skip non existing resourceDirectory /Users/Shalini/Desktop/SynechronWS/SpringCoreDemo/src/test/resources
2023-11-10 11:29:41,547 [Worker-27: Building] INFO  o.e.m.c.i.embedder.EclipseLogger - Using 'UTF-8' encoding to copy filtered resources.
2023-11-10 11:29:41,549 [Worker-27: Building] INFO  o.e.m.c.i.embedder.EclipseLogger - skip non existing resourceDirectory /Users/Shalini/Desktop/SynechronWS/SpringCoreDemo/src/main/resources
2023-11-10 11:29:41,553 [Worker-27: Building] INFO  o.e.m.c.i.embedder.EclipseLogger - Using 'UTF-8' encoding to copy filtered resources.
2023-11-10 11:29:41,553 [Worker-27: Building] INFO  o.e.m.c.i.embedder.EclipseLogger - skip non existing resourceDirectory /Users/Shalini/Desktop/SynechronWS/SpringCoreDemo/src/test/resources
2023-11-10 11:30:52,019 [Worker-35: Building] INFO  o.e.m.c.i.embedder.EclipseLogger - Using 'UTF-8' encoding to copy filtered resources.
2023-11-10 11:30:52,020 [Worker-35: Building] INFO  o.e.m.c.i.embedder.EclipseLogger - skip non existing resourceDirectory /Users/Shalini/Desktop/SynechronWS/SpringCoreDemo/src/main/resources
2023-11-10 11:30:52,021 [Worker-35: Building] INFO  o.e.m.c.i.embedder.EclipseLogger - Using 'UTF-8' encoding to copy filtered resources.
2023-11-10 11:30:52,021 [Worker-35: Building] INFO  o.e.m.c.i.embedder.EclipseLogger - skip non existing resourceDirectory /Users/Shalini/Desktop/SynechronWS/SpringCoreDemo/src/test/resources
2023-11-10 11:35:31,238 [Worker-29: Building] INFO  o.e.m.c.i.embedder.EclipseLogger - Using 'UTF-8' encoding to copy filtered resources.
2023-11-10 11:35:31,239 [Worker-29: Building] INFO  o.e.m.c.i.embedder.EclipseLogger - skip non existing resourceDirectory /Users/Shalini/Desktop/SynechronWS/SpringCoreDemo/src/main/resources
2023-11-10 11:35:31,242 [Worker-29: Building] INFO  o.e.m.c.i.embedder.EclipseLogger - Using 'UTF-8' encoding to copy filtered resources.
2023-11-10 11:35:31,243 [Worker-29: Building] INFO  o.e.m.c.i.embedder.EclipseLogger - skip non existing resourceDirectory /Users/Shalini/Desktop/SynechronWS/SpringCoreDemo/src/test/resources
2023-11-10 11:35:48,043 [Worker-29: Building] INFO  o.e.m.c.i.embedder.EclipseLogger - Using 'UTF-8' encoding to copy filtered resources.
2023-11-10 11:35:48,043 [Worker-29: Building] INFO  o.e.m.c.i.embedder.EclipseLogger - skip non existing resourceDirectory /Users/Shalini/Desktop/SynechronWS/SpringCoreDemo/src/main/resources
2023-11-10 11:35:48,046 [Worker-29: Building] INFO  o.e.m.c.i.embedder.EclipseLogger - Using 'UTF-8' encoding to copy filtered resources.
2023-11-10 11:35:48,046 [Worker-29: Building] INFO  o.e.m.c.i.embedder.EclipseLogger - skip non existing resourceDirectory /Users/Shalini/Desktop/SynechronWS/SpringCoreDemo/src/test/resources
2023-11-10 11:35:57,154 [Worker-29: Building] INFO  o.e.m.c.i.embedder.EclipseLogger - Using 'UTF-8' encoding to copy filtered resources.
2023-11-10 11:35:57,155 [Worker-29: Building] INFO  o.e.m.c.i.embedder.EclipseLogger - skip non existing resourceDirectory /Users/Shalini/Desktop/SynechronWS/SpringCoreDemo/src/main/resources
2023-11-10 11:35:57,157 [Worker-29: Building] INFO  o.e.m.c.i.embedder.EclipseLogger - Using 'UTF-8' encoding to copy filtered resources.
2023-11-10 11:35:57,158 [Worker-29: Building] INFO  o.e.m.c.i.embedder.EclipseLogger - skip non existing resourceDirectory /Users/Shalini/Desktop/SynechronWS/SpringCoreDemo/src/test/resources
2023-11-10 11:36:55,481 [Worker-27: Building] INFO  o.e.m.c.i.embedder.EclipseLogger - Using 'UTF-8' encoding to copy filtered resources.
2023-11-10 11:36:55,482 [Worker-27: Building] INFO  o.e.m.c.i.embedder.EclipseLogger - skip non existing resourceDirectory /Users/Shalini/Desktop/SynechronWS/SpringCoreDemo/src/main/resources
2023-11-10 11:36:55,488 [Worker-27: Building] INFO  o.e.m.c.i.embedder.EclipseLogger - Using 'UTF-8' encoding to copy filtered resources.
2023-11-10 11:36:55,488 [Worker-27: Building] INFO  o.e.m.c.i.embedder.EclipseLogger - skip non existing resourceDirectory /Users/Shalini/Desktop/SynechronWS/SpringCoreDemo/src/test/resources
2023-11-10 11:37:42,983 [Worker-29: Building] INFO  o.e.m.c.i.embedder.EclipseLogger - Using 'UTF-8' encoding to copy filtered resources.
2023-11-10 11:37:42,984 [Worker-29: Building] INFO  o.e.m.c.i.embedder.EclipseLogger - skip non existing resourceDirectory /Users/Shalini/Desktop/SynechronWS/SpringCoreDemo/src/main/resources
2023-11-10 11:37:42,986 [Worker-29: Building] INFO  o.e.m.c.i.embedder.EclipseLogger - Using 'UTF-8' encoding to copy filtered resources.
2023-11-10 11:37:42,986 [Worker-29: Building] INFO  o.e.m.c.i.embedder.EclipseLogger - skip non existing resourceDirectory /Users/Shalini/Desktop/SynechronWS/SpringCoreDemo/src/test/resources
2023-11-10 11:38:28,765 [Worker-37: Building] INFO  o.e.m.c.i.embedder.EclipseLogger - Using 'UTF-8' encoding to copy filtered resources.
2023-11-10 11:38:28,767 [Worker-37: Building] INFO  o.e.m.c.i.embedder.EclipseLogger - skip non existing resourceDirectory /Users/Shalini/Desktop/SynechronWS/SpringCoreDemo/src/main/resources
2023-11-10 11:38:28,767 [Worker-37: Building] INFO  o.e.m.c.i.embedder.EclipseLogger - Using 'UTF-8' encoding to copy filtered resources.
2023-11-10 11:38:28,767 [Worker-37: Building] INFO  o.e.m.c.i.embedder.EclipseLogger - skip non existing resourceDirectory /Users/Shalini/Desktop/SynechronWS/SpringCoreDemo/src/test/resources
2023-11-10 11:39:29,773 [Worker-33: Building] INFO  o.e.m.c.i.embedder.EclipseLogger - Using 'UTF-8' encoding to copy filtered resources.
2023-11-10 11:39:29,773 [Worker-33: Building] INFO  o.e.m.c.i.embedder.EclipseLogger - skip non existing resourceDirectory /Users/Shalini/Desktop/SynechronWS/SpringCoreDemo/src/main/resources
2023-11-10 11:39:29,774 [Worker-33: Building] INFO  o.e.m.c.i.embedder.EclipseLogger - Using 'UTF-8' encoding to copy filtered resources.
2023-11-10 11:39:29,774 [Worker-33: Building] INFO  o.e.m.c.i.embedder.EclipseLogger - skip non existing resourceDirectory /Users/Shalini/Desktop/SynechronWS/SpringCoreDemo/src/test/resources
2023-11-10 11:40:33,922 [Worker-35: Building] INFO  o.e.m.c.i.embedder.EclipseLogger - Using 'UTF-8' encoding to copy filtered resources.
2023-11-10 11:40:33,922 [Worker-35: Building] INFO  o.e.m.c.i.embedder.EclipseLogger - skip non existing resourceDirectory /Users/Shalini/Desktop/SynechronWS/SpringCoreDemo/src/main/resources
2023-11-10 11:40:33,924 [Worker-35: Building] INFO  o.e.m.c.i.embedder.EclipseLogger - Using 'UTF-8' encoding to copy filtered resources.
2023-11-10 11:40:33,924 [Worker-35: Building] INFO  o.e.m.c.i.embedder.EclipseLogger - skip non existing resourceDirectory /Users/Shalini/Desktop/SynechronWS/SpringCoreDemo/src/test/resources
2023-11-10 11:40:48,558 [Worker-35: Building] INFO  o.e.m.c.i.embedder.EclipseLogger - Using 'UTF-8' encoding to copy filtered resources.
2023-11-10 11:40:48,559 [Worker-35: Building] INFO  o.e.m.c.i.embedder.EclipseLogger - skip non existing resourceDirectory /Users/Shalini/Desktop/SynechronWS/SpringCoreDemo/src/main/resources
2023-11-10 11:40:48,559 [Worker-35: Building] INFO  o.e.m.c.i.embedder.EclipseLogger - Using 'UTF-8' encoding to copy filtered resources.
2023-11-10 11:40:48,560 [Worker-35: Building] INFO  o.e.m.c.i.embedder.EclipseLogger - skip non existing resourceDirectory /Users/Shalini/Desktop/SynechronWS/SpringCoreDemo/src/test/resources
2023-11-10 11:43:26,544 [Worker-36: Building] INFO  o.e.m.c.i.embedder.EclipseLogger - Using 'UTF-8' encoding to copy filtered resources.
2023-11-10 11:43:26,544 [Worker-36: Building] INFO  o.e.m.c.i.embedder.EclipseLogger - skip non existing resourceDirectory /Users/Shalini/Desktop/SynechronWS/SpringCoreDemo/src/main/resources
2023-11-10 11:43:26,545 [Worker-36: Building] INFO  o.e.m.c.i.embedder.EclipseLogger - Using 'UTF-8' encoding to copy filtered resources.
2023-11-10 11:43:26,546 [Worker-36: Building] INFO  o.e.m.c.i.embedder.EclipseLogger - skip non existing resourceDirectory /Users/Shalini/Desktop/SynechronWS/SpringCoreDemo/src/test/resources
2023-11-10 11:45:38,781 [Worker-38: Building] INFO  o.e.m.c.i.embedder.EclipseLogger - Using 'UTF-8' encoding to copy filtered resources.
2023-11-10 11:45:38,783 [Worker-38: Building] INFO  o.e.m.c.i.embedder.EclipseLogger - skip non existing resourceDirectory /Users/Shalini/Desktop/SynechronWS/SpringCoreDemo/src/main/resources
2023-11-10 11:45:38,786 [Worker-38: Building] INFO  o.e.m.c.i.embedder.EclipseLogger - Using 'UTF-8' encoding to copy filtered resources.
2023-11-10 11:45:38,788 [Worker-38: Building] INFO  o.e.m.c.i.embedder.EclipseLogger - skip non existing resourceDirectory /Users/Shalini/Desktop/SynechronWS/SpringCoreDemo/src/test/resources
2023-11-10 11:45:43,560 [Worker-37: Building] INFO  o.e.m.c.i.embedder.EclipseLogger - Using 'UTF-8' encoding to copy filtered resources.
2023-11-10 11:45:43,561 [Worker-37: Building] INFO  o.e.m.c.i.embedder.EclipseLogger - skip non existing resourceDirectory /Users/Shalini/Desktop/SynechronWS/SpringCoreDemo/src/main/resources
2023-11-10 11:45:43,562 [Worker-37: Building] INFO  o.e.m.c.i.embedder.EclipseLogger - Using 'UTF-8' encoding to copy filtered resources.
2023-11-10 11:45:43,562 [Worker-37: Building] INFO  o.e.m.c.i.embedder.EclipseLogger - skip non existing resourceDirectory /Users/Shalini/Desktop/SynechronWS/SpringCoreDemo/src/test/resources
2023-11-10 11:46:02,556 [Worker-37: Building] INFO  o.e.m.c.i.embedder.EclipseLogger - Using 'UTF-8' encoding to copy filtered resources.
2023-11-10 11:46:02,557 [Worker-37: Building] INFO  o.e.m.c.i.embedder.EclipseLogger - skip non existing resourceDirectory /Users/Shalini/Desktop/SynechronWS/SpringCoreDemo/src/main/resources
2023-11-10 11:46:02,558 [Worker-37: Building] INFO  o.e.m.c.i.embedder.EclipseLogger - Using 'UTF-8' encoding to copy filtered resources.
2023-11-10 11:46:02,558 [Worker-37: Building] INFO  o.e.m.c.i.embedder.EclipseLogger - skip non existing resourceDirectory /Users/Shalini/Desktop/SynechronWS/SpringCoreDemo/src/test/resources
2023-11-10 11:46:12,719 [Worker-38: Building] INFO  o.e.m.c.i.embedder.EclipseLogger - Using 'UTF-8' encoding to copy filtered resources.
2023-11-10 11:46:12,719 [Worker-38: Building] INFO  o.e.m.c.i.embedder.EclipseLogger - skip non existing resourceDirectory /Users/Shalini/Desktop/SynechronWS/SpringCoreDemo/src/main/resources
2023-11-10 11:46:12,720 [Worker-38: Building] INFO  o.e.m.c.i.embedder.EclipseLogger - Using 'UTF-8' encoding to copy filtered resources.
2023-11-10 11:46:12,720 [Worker-38: Building] INFO  o.e.m.c.i.embedder.EclipseLogger - skip non existing resourceDirectory /Users/Shalini/Desktop/SynechronWS/SpringCoreDemo/src/test/resources
2023-11-10 11:46:41,778 [Worker-40: Building] INFO  o.e.m.c.i.embedder.EclipseLogger - Using 'UTF-8' encoding to copy filtered resources.
2023-11-10 11:46:41,779 [Worker-40: Building] INFO  o.e.m.c.i.embedder.EclipseLogger - skip non existing resourceDirectory /Users/Shalini/Desktop/SynechronWS/SpringCoreDemo/src/main/resources
2023-11-10 11:46:41,783 [Worker-40: Building] INFO  o.e.m.c.i.embedder.EclipseLogger - Using 'UTF-8' encoding to copy filtered resources.
2023-11-10 11:46:41,783 [Worker-40: Building] INFO  o.e.m.c.i.embedder.EclipseLogger - skip non existing resourceDirectory /Users/Shalini/Desktop/SynechronWS/SpringCoreDemo/src/test/resources
2023-11-10 11:47:38,466 [Worker-33: Building] INFO  o.e.m.c.i.embedder.EclipseLogger - Using 'UTF-8' encoding to copy filtered resources.
2023-11-10 11:47:38,468 [Worker-33: Building] INFO  o.e.m.c.i.embedder.EclipseLogger - skip non existing resourceDirectory /Users/Shalini/Desktop/SynechronWS/SpringCoreDemo/src/main/resources
2023-11-10 11:47:38,469 [Worker-33: Building] INFO  o.e.m.c.i.embedder.EclipseLogger - Using 'UTF-8' encoding to copy filtered resources.
2023-11-10 11:47:38,469 [Worker-33: Building] INFO  o.e.m.c.i.embedder.EclipseLogger - skip non existing resourceDirectory /Users/Shalini/Desktop/SynechronWS/SpringCoreDemo/src/test/resources
2023-11-10 11:55:28,491 [Worker-41: Building] INFO  o.e.m.c.i.embedder.EclipseLogger - Using 'UTF-8' encoding to copy filtered resources.
2023-11-10 11:55:28,492 [Worker-41: Building] INFO  o.e.m.c.i.embedder.EclipseLogger - skip non existing resourceDirectory /Users/Shalini/Desktop/SynechronWS/SpringCoreDemo/src/main/resources
2023-11-10 11:55:28,493 [Worker-41: Building] INFO  o.e.m.c.i.embedder.EclipseLogger - Using 'UTF-8' encoding to copy filtered resources.
2023-11-10 11:55:28,493 [Worker-41: Building] INFO  o.e.m.c.i.embedder.EclipseLogger - skip non existing resourceDirectory /Users/Shalini/Desktop/SynechronWS/SpringCoreDemo/src/test/resources
2023-11-10 11:55:38,397 [Worker-33: Building] INFO  o.e.m.c.i.embedder.EclipseLogger - Using 'UTF-8' encoding to copy filtered resources.
2023-11-10 11:55:38,400 [Worker-33: Building] INFO  o.e.m.c.i.embedder.EclipseLogger - skip non existing resourceDirectory /Users/Shalini/Desktop/SynechronWS/SpringCoreDemo/src/main/resources
2023-11-10 11:55:38,401 [Worker-33: Building] INFO  o.e.m.c.i.embedder.EclipseLogger - Using 'UTF-8' encoding to copy filtered resources.
2023-11-10 11:55:38,401 [Worker-33: Building] INFO  o.e.m.c.i.embedder.EclipseLogger - skip non existing resourceDirectory /Users/Shalini/Desktop/SynechronWS/SpringCoreDemo/src/test/resources
2023-11-10 11:55:45,191 [Worker-36: Building] INFO  o.e.m.c.i.embedder.EclipseLogger - Using 'UTF-8' encoding to copy filtered resources.
2023-11-10 11:55:45,191 [Worker-36: Building] INFO  o.e.m.c.i.embedder.EclipseLogger - skip non existing resourceDirectory /Users/Shalini/Desktop/SynechronWS/SpringCoreDemo/src/main/resources
2023-11-10 11:55:45,192 [Worker-36: Building] INFO  o.e.m.c.i.embedder.EclipseLogger - Using 'UTF-8' encoding to copy filtered resources.
2023-11-10 11:55:45,192 [Worker-36: Building] INFO  o.e.m.c.i.embedder.EclipseLogger - skip non existing resourceDirectory /Users/Shalini/Desktop/SynechronWS/SpringCoreDemo/src/test/resources
2023-11-10 11:56:11,271 [Worker-41: Building] INFO  o.e.m.c.i.embedder.EclipseLogger - Using 'UTF-8' encoding to copy filtered resources.
2023-11-10 11:56:11,273 [Worker-41: Building] INFO  o.e.m.c.i.embedder.EclipseLogger - skip non existing resourceDirectory /Users/Shalini/Desktop/SynechronWS/SpringCoreDemo/src/main/resources
2023-11-10 11:56:11,274 [Worker-41: Building] INFO  o.e.m.c.i.embedder.EclipseLogger - Using 'UTF-8' encoding to copy filtered resources.
2023-11-10 11:56:11,274 [Worker-41: Building] INFO  o.e.m.c.i.embedder.EclipseLogger - skip non existing resourceDirectory /Users/Shalini/Desktop/SynechronWS/SpringCoreDemo/src/test/resources
2023-11-10 11:56:25,759 [Worker-36: Building] INFO  o.e.m.c.i.embedder.EclipseLogger - Using 'UTF-8' encoding to copy filtered resources.
2023-11-10 11:56:25,759 [Worker-36: Building] INFO  o.e.m.c.i.embedder.EclipseLogger - skip non existing resourceDirectory /Users/Shalini/Desktop/SynechronWS/SpringCoreDemo/src/main/resources
2023-11-10 11:56:25,761 [Worker-36: Building] INFO  o.e.m.c.i.embedder.EclipseLogger - Using 'UTF-8' encoding to copy filtered resources.
2023-11-10 11:56:25,761 [Worker-36: Building] INFO  o.e.m.c.i.embedder.EclipseLogger - skip non existing resourceDirectory /Users/Shalini/Desktop/SynechronWS/SpringCoreDemo/src/test/resources
2023-11-10 11:57:06,328 [Worker-40: Building] INFO  o.e.m.c.i.embedder.EclipseLogger - Using 'UTF-8' encoding to copy filtered resources.
2023-11-10 11:57:06,330 [Worker-40: Building] INFO  o.e.m.c.i.embedder.EclipseLogger - skip non existing resourceDirectory /Users/Shalini/Desktop/SynechronWS/SpringCoreDemo/src/main/resources
2023-11-10 11:57:06,331 [Worker-40: Building] INFO  o.e.m.c.i.embedder.EclipseLogger - Using 'UTF-8' encoding to copy filtered resources.
2023-11-10 11:57:06,331 [Worker-40: Building] INFO  o.e.m.c.i.embedder.EclipseLogger - skip non existing resourceDirectory /Users/Shalini/Desktop/SynechronWS/SpringCoreDemo/src/test/resources
2023-11-10 11:57:09,599 [Worker-40: Building] INFO  o.e.m.c.i.embedder.EclipseLogger - Using 'UTF-8' encoding to copy filtered resources.
2023-11-10 11:57:09,599 [Worker-40: Building] INFO  o.e.m.c.i.embedder.EclipseLogger - skip non existing resourceDirectory /Users/Shalini/Desktop/SynechronWS/SpringCoreDemo/src/main/resources
2023-11-10 11:57:09,600 [Worker-40: Building] INFO  o.e.m.c.i.embedder.EclipseLogger - Using 'UTF-8' encoding to copy filtered resources.
2023-11-10 11:57:09,600 [Worker-40: Building] INFO  o.e.m.c.i.embedder.EclipseLogger - skip non existing resourceDirectory /Users/Shalini/Desktop/SynechronWS/SpringCoreDemo/src/test/resources
2023-11-10 11:57:18,456 [Worker-33: Building] INFO  o.e.m.c.i.embedder.EclipseLogger - Using 'UTF-8' encoding to copy filtered resources.
2023-11-10 11:57:18,457 [Worker-33: Building] INFO  o.e.m.c.i.embedder.EclipseLogger - skip non existing resourceDirectory /Users/Shalini/Desktop/SynechronWS/SpringCoreDemo/src/main/resources
2023-11-10 11:57:18,459 [Worker-33: Building] INFO  o.e.m.c.i.embedder.EclipseLogger - Using 'UTF-8' encoding to copy filtered resources.
2023-11-10 11:57:18,459 [Worker-33: Building] INFO  o.e.m.c.i.embedder.EclipseLogger - skip non existing resourceDirectory /Users/Shalini/Desktop/SynechronWS/SpringCoreDemo/src/test/resources
2023-11-10 11:58:36,897 [Worker-42: Building] INFO  o.e.m.c.i.embedder.EclipseLogger - Using 'UTF-8' encoding to copy filtered resources.
2023-11-10 11:58:36,903 [Worker-42: Building] INFO  o.e.m.c.i.embedder.EclipseLogger - skip non existing resourceDirectory /Users/Shalini/Desktop/SynechronWS/SpringCoreDemo/src/main/resources
2023-11-10 11:58:36,905 [Worker-42: Building] INFO  o.e.m.c.i.embedder.EclipseLogger - Using 'UTF-8' encoding to copy filtered resources.
2023-11-10 11:58:36,905 [Worker-42: Building] INFO  o.e.m.c.i.embedder.EclipseLogger - skip non existing resourceDirectory /Users/Shalini/Desktop/SynechronWS/SpringCoreDemo/src/test/resources
2023-11-10 11:58:43,187 [Worker-33: Building] INFO  o.e.m.c.i.embedder.EclipseLogger - Using 'UTF-8' encoding to copy filtered resources.
2023-11-10 11:58:43,187 [Worker-33: Building] INFO  o.e.m.c.i.embedder.EclipseLogger - skip non existing resourceDirectory /Users/Shalini/Desktop/SynechronWS/SpringCoreDemo/src/main/resources
2023-11-10 11:58:43,188 [Worker-33: Building] INFO  o.e.m.c.i.embedder.EclipseLogger - Using 'UTF-8' encoding to copy filtered resources.
2023-11-10 11:58:43,188 [Worker-33: Building] INFO  o.e.m.c.i.embedder.EclipseLogger - skip non existing resourceDirectory /Users/Shalini/Desktop/SynechronWS/SpringCoreDemo/src/test/resources
2023-11-10 12:01:53,456 [Worker-36: Building] INFO  o.e.m.c.i.embedder.EclipseLogger - Using 'UTF-8' encoding to copy filtered resources.
2023-11-10 12:01:53,457 [Worker-36: Building] INFO  o.e.m.c.i.embedder.EclipseLogger - skip non existing resourceDirectory /Users/Shalini/Desktop/SynechronWS/SpringCoreDemo/src/main/resources
2023-11-10 12:01:53,458 [Worker-36: Building] INFO  o.e.m.c.i.embedder.EclipseLogger - Using 'UTF-8' encoding to copy filtered resources.
2023-11-10 12:01:53,458 [Worker-36: Building] INFO  o.e.m.c.i.embedder.EclipseLogger - skip non existing resourceDirectory /Users/Shalini/Desktop/SynechronWS/SpringCoreDemo/src/test/resources
2023-11-10 12:02:28,732 [Worker-45: Building] INFO  o.e.m.c.i.embedder.EclipseLogger - Using 'UTF-8' encoding to copy filtered resources.
2023-11-10 12:02:28,734 [Worker-45: Building] INFO  o.e.m.c.i.embedder.EclipseLogger - skip non existing resourceDirectory /Users/Shalini/Desktop/SynechronWS/SpringCoreDemo/src/main/resources
2023-11-10 12:02:28,736 [Worker-45: Building] INFO  o.e.m.c.i.embedder.EclipseLogger - Using 'UTF-8' encoding to copy filtered resources.
2023-11-10 12:02:28,736 [Worker-45: Building] INFO  o.e.m.c.i.embedder.EclipseLogger - skip non existing resourceDirectory /Users/Shalini/Desktop/SynechronWS/SpringCoreDemo/src/test/resources
2023-11-10 12:02:36,269 [Worker-44: Building] INFO  o.e.m.c.i.embedder.EclipseLogger - Using 'UTF-8' encoding to copy filtered resources.
2023-11-10 12:02:36,271 [Worker-44: Building] INFO  o.e.m.c.i.embedder.EclipseLogger - skip non existing resourceDirectory /Users/Shalini/Desktop/SynechronWS/SpringCoreDemo/src/main/resources
2023-11-10 12:02:36,272 [Worker-44: Building] INFO  o.e.m.c.i.embedder.EclipseLogger - Using 'UTF-8' encoding to copy filtered resources.
2023-11-10 12:02:36,272 [Worker-44: Building] INFO  o.e.m.c.i.embedder.EclipseLogger - skip non existing resourceDirectory /Users/Shalini/Desktop/SynechronWS/SpringCoreDemo/src/test/resources
2023-11-10 12:02:52,187 [Worker-36: Building] INFO  o.e.m.c.i.embedder.EclipseLogger - Using 'UTF-8' encoding to copy filtered resources.
2023-11-10 12:02:52,188 [Worker-36: Building] INFO  o.e.m.c.i.embedder.EclipseLogger - skip non existing resourceDirectory /Users/Shalini/Desktop/SynechronWS/SpringCoreDemo/src/main/resources
2023-11-10 12:02:52,188 [Worker-36: Building] INFO  o.e.m.c.i.embedder.EclipseLogger - Using 'UTF-8' encoding to copy filtered resources.
2023-11-10 12:02:52,188 [Worker-36: Building] INFO  o.e.m.c.i.embedder.EclipseLogger - skip non existing resourceDirectory /Users/Shalini/Desktop/SynechronWS/SpringCoreDemo/src/test/resources
2023-11-10 12:04:06,722 [Worker-41: Building] INFO  o.e.m.c.i.embedder.EclipseLogger - Using 'UTF-8' encoding to copy filtered resources.
2023-11-10 12:04:06,723 [Worker-41: Building] INFO  o.e.m.c.i.embedder.EclipseLogger - skip non existing resourceDirectory /Users/Shalini/Desktop/SynechronWS/SpringCoreDemo/src/main/resources
2023-11-10 12:04:06,724 [Worker-41: Building] INFO  o.e.m.c.i.embedder.EclipseLogger - Using 'UTF-8' encoding to copy filtered resources.
2023-11-10 12:04:06,724 [Worker-41: Building] INFO  o.e.m.c.i.embedder.EclipseLogger - skip non existing resourceDirectory /Users/Shalini/Desktop/SynechronWS/SpringCoreDemo/src/test/resources
2023-11-10 12:14:12,456 [Worker-44: Building] INFO  o.e.m.c.i.embedder.EclipseLogger - Using 'UTF-8' encoding to copy filtered resources.
2023-11-10 12:14:12,457 [Worker-44: Building] INFO  o.e.m.c.i.embedder.EclipseLogger - skip non existing resourceDirectory /Users/Shalini/Desktop/SynechronWS/SpringCoreDemo/src/main/resources
2023-11-10 12:14:12,458 [Worker-44: Building] INFO  o.e.m.c.i.embedder.EclipseLogger - Using 'UTF-8' encoding to copy filtered resources.
2023-11-10 12:14:12,458 [Worker-44: Building] INFO  o.e.m.c.i.embedder.EclipseLogger - skip non existing resourceDirectory /Users/Shalini/Desktop/SynechronWS/SpringCoreDemo/src/test/resources
2023-11-10 12:19:07,902 [Worker-36: Building] INFO  o.e.m.c.i.embedder.EclipseLogger - Using 'UTF-8' encoding to copy filtered resources.
2023-11-10 12:19:07,904 [Worker-36: Building] INFO  o.e.m.c.i.embedder.EclipseLogger - skip non existing resourceDirectory /Users/Shalini/Desktop/SynechronWS/SpringCoreDemo/src/main/resources
2023-11-10 12:19:07,907 [Worker-36: Building] INFO  o.e.m.c.i.embedder.EclipseLogger - Using 'UTF-8' encoding to copy filtered resources.
2023-11-10 12:19:07,907 [Worker-36: Building] INFO  o.e.m.c.i.embedder.EclipseLogger - skip non existing resourceDirectory /Users/Shalini/Desktop/SynechronWS/SpringCoreDemo/src/test/resources
2023-11-10 12:25:46,650 [Worker-49: Building] INFO  o.e.m.c.i.embedder.EclipseLogger - Using 'UTF-8' encoding to copy filtered resources.
2023-11-10 12:25:46,651 [Worker-49: Building] INFO  o.e.m.c.i.embedder.EclipseLogger - skip non existing resourceDirectory /Users/Shalini/Desktop/SynechronWS/SpringCoreDemo/src/main/resources
2023-11-10 12:25:46,652 [Worker-49: Building] INFO  o.e.m.c.i.embedder.EclipseLogger - Using 'UTF-8' encoding to copy filtered resources.
2023-11-10 12:25:46,653 [Worker-49: Building] INFO  o.e.m.c.i.embedder.EclipseLogger - skip non existing resourceDirectory /Users/Shalini/Desktop/SynechronWS/SpringCoreDemo/src/test/resources
2023-11-10 12:26:00,359 [Worker-49: Building] INFO  o.e.m.c.i.embedder.EclipseLogger - Using 'UTF-8' encoding to copy filtered resources.
2023-11-10 12:26:00,360 [Worker-49: Building] INFO  o.e.m.c.i.embedder.EclipseLogger - skip non existing resourceDirectory /Users/Shalini/Desktop/SynechronWS/SpringCoreDemo/src/main/resources
2023-11-10 12:26:00,361 [Worker-49: Building] INFO  o.e.m.c.i.embedder.EclipseLogger - Using 'UTF-8' encoding to copy filtered resources.
2023-11-10 12:26:00,361 [Worker-49: Building] INFO  o.e.m.c.i.embedder.EclipseLogger - skip non existing resourceDirectory /Users/Shalini/Desktop/SynechronWS/SpringCoreDemo/src/test/resources
2023-11-10 12:26:38,818 [Worker-49: Building] INFO  o.e.m.c.i.embedder.EclipseLogger - Using 'UTF-8' encoding to copy filtered resources.
2023-11-10 12:26:38,818 [Worker-49: Building] INFO  o.e.m.c.i.embedder.EclipseLogger - skip non existing resourceDirectory /Users/Shalini/Desktop/SynechronWS/SpringCoreDemo/src/main/resources
2023-11-10 12:26:38,821 [Worker-49: Building] INFO  o.e.m.c.i.embedder.EclipseLogger - Using 'UTF-8' encoding to copy filtered resources.
2023-11-10 12:26:38,821 [Worker-49: Building] INFO  o.e.m.c.i.embedder.EclipseLogger - skip non existing resourceDirectory /Users/Shalini/Desktop/SynechronWS/SpringCoreDemo/src/test/resources
2023-11-10 12:27:16,458 [Worker-36: Building] INFO  o.e.m.c.i.embedder.EclipseLogger - Using 'UTF-8' encoding to copy filtered resources.
2023-11-10 12:27:16,459 [Worker-36: Building] INFO  o.e.m.c.i.embedder.EclipseLogger - skip non existing resourceDirectory /Users/Shalini/Desktop/SynechronWS/SpringCoreDemo/src/main/resources
2023-11-10 12:27:16,460 [Worker-36: Building] INFO  o.e.m.c.i.embedder.EclipseLogger - Using 'UTF-8' encoding to copy filtered resources.
2023-11-10 12:27:16,460 [Worker-36: Building] INFO  o.e.m.c.i.embedder.EclipseLogger - skip non existing resourceDirectory /Users/Shalini/Desktop/SynechronWS/SpringCoreDemo/src/test/resources
2023-11-10 12:28:07,208 [Worker-42: Building] INFO  o.e.m.c.i.embedder.EclipseLogger - Using 'UTF-8' encoding to copy filtered resources.
2023-11-10 12:28:07,208 [Worker-42: Building] INFO  o.e.m.c.i.embedder.EclipseLogger - skip non existing resourceDirectory /Users/Shalini/Desktop/SynechronWS/SpringCoreDemo/src/main/resources
2023-11-10 12:28:07,209 [Worker-42: Building] INFO  o.e.m.c.i.embedder.EclipseLogger - Using 'UTF-8' encoding to copy filtered resources.
2023-11-10 12:28:07,209 [Worker-42: Building] INFO  o.e.m.c.i.embedder.EclipseLogger - skip non existing resourceDirectory /Users/Shalini/Desktop/SynechronWS/SpringCoreDemo/src/test/resources
2023-11-10 12:28:29,765 [Worker-47: Building] INFO  o.e.m.c.i.embedder.EclipseLogger - Using 'UTF-8' encoding to copy filtered resources.
2023-11-10 12:28:29,765 [Worker-47: Building] INFO  o.e.m.c.i.embedder.EclipseLogger - skip non existing resourceDirectory /Users/Shalini/Desktop/SynechronWS/SpringCoreDemo/src/main/resources
2023-11-10 12:28:29,766 [Worker-47: Building] INFO  o.e.m.c.i.embedder.EclipseLogger - Using 'UTF-8' encoding to copy filtered resources.
2023-11-10 12:28:29,766 [Worker-47: Building] INFO  o.e.m.c.i.embedder.EclipseLogger - skip non existing resourceDirectory /Users/Shalini/Desktop/SynechronWS/SpringCoreDemo/src/test/resources
2023-11-10 12:28:33,529 [Worker-41: Building] INFO  o.e.m.c.i.embedder.EclipseLogger - Using 'UTF-8' encoding to copy filtered resources.
2023-11-10 12:28:33,532 [Worker-41: Building] INFO  o.e.m.c.i.embedder.EclipseLogger - skip non existing resourceDirectory /Users/Shalini/Desktop/SynechronWS/SpringCoreDemo/src/main/resources
2023-11-10 12:28:33,535 [Worker-41: Building] INFO  o.e.m.c.i.embedder.EclipseLogger - Using 'UTF-8' encoding to copy filtered resources.
2023-11-10 12:28:33,536 [Worker-41: Building] INFO  o.e.m.c.i.embedder.EclipseLogger - skip non existing resourceDirectory /Users/Shalini/Desktop/SynechronWS/SpringCoreDemo/src/test/resources
2023-11-10 12:30:14,695 [Worker-52: Building] INFO  o.e.m.c.i.l.LifecycleMappingFactory - Using org.eclipse.m2e.jdt.JarLifecycleMapping lifecycle mapping for MavenProject: com.demo:SpringCoreDemo:0.0.1-SNAPSHOT @ /Users/Shalini/Desktop/SynechronWS/SpringCoreDemo/pom.xml.
2023-11-10 12:30:14,975 [Worker-52: Building] INFO  o.e.m.c.i.embedder.EclipseLogger - Using 'UTF-8' encoding to copy filtered resources.
2023-11-10 12:30:14,975 [Worker-52: Building] INFO  o.e.m.c.i.embedder.EclipseLogger - skip non existing resourceDirectory /Users/Shalini/Desktop/SynechronWS/SpringCoreDemo/src/main/resources
2023-11-10 12:30:14,977 [Worker-52: Building] INFO  o.e.m.c.i.embedder.EclipseLogger - Using 'UTF-8' encoding to copy filtered resources.
2023-11-10 12:30:14,977 [Worker-52: Building] INFO  o.e.m.c.i.embedder.EclipseLogger - skip non existing resourceDirectory /Users/Shalini/Desktop/SynechronWS/SpringCoreDemo/src/test/resources
2023-11-10 12:30:16,676 [Worker-47: Building] INFO  o.e.m.c.i.embedder.EclipseLogger - Using 'UTF-8' encoding to copy filtered resources.
2023-11-10 12:30:16,676 [Worker-47: Building] INFO  o.e.m.c.i.embedder.EclipseLogger - skip non existing resourceDirectory /Users/Shalini/Desktop/SynechronWS/SpringCoreDemo/src/main/resources
2023-11-10 12:30:16,677 [Worker-47: Building] INFO  o.e.m.c.i.embedder.EclipseLogger - Using 'UTF-8' encoding to copy filtered resources.
2023-11-10 12:30:16,677 [Worker-47: Building] INFO  o.e.m.c.i.embedder.EclipseLogger - skip non existing resourceDirectory /Users/Shalini/Desktop/SynechronWS/SpringCoreDemo/src/test/resources
2023-11-10 12:30:23,621 [Worker-36: Updating Maven Project] INFO  o.e.m.c.i.p.ProjectConfigurationManager - Update started
2023-11-10 12:30:24,266 [Worker-36: Updating Maven Project] INFO  o.e.m.c.i.l.LifecycleMappingFactory - Using org.eclipse.m2e.jdt.JarLifecycleMapping lifecycle mapping for MavenProject: com.demo:SpringCoreDemo:0.0.1-SNAPSHOT @ /Users/Shalini/Desktop/SynechronWS/SpringCoreDemo/pom.xml.
2023-11-10 12:30:24,302 [Worker-36: Updating Maven Project] INFO  o.e.m.c.i.l.LifecycleMappingFactory - Using org.eclipse.m2e.jdt.JarLifecycleMapping lifecycle mapping for MavenProject: com.payment:PaymentProject:0.0.1-SNAPSHOT @ /Users/Shalini/Desktop/SynechronWS/PaymentProject/pom.xml.
2023-11-10 12:30:24,487 [Worker-36: Updating Maven Project] INFO  o.e.m.j.i.AbstractJavaProjectConfigurator - Adding source folder /SpringCoreDemo/src/main/java
2023-11-10 12:30:24,488 [Worker-36: Updating Maven Project] INFO  o.e.m.j.i.AbstractJavaProjectConfigurator - Adding source folder /SpringCoreDemo/src/test/java
2023-11-10 12:30:24,757 [Worker-36: Updating Maven Project] INFO  o.e.m.c.i.p.ProjectConfigurationManager - Update completed: 1 sec
2023-11-10 12:30:25,526 [Worker-51: Building] INFO  o.e.m.c.i.embedder.EclipseLogger - Using 'UTF-8' encoding to copy filtered resources.
2023-11-10 12:30:25,530 [Worker-51: Building] INFO  o.e.m.c.i.embedder.EclipseLogger - skip non existing resourceDirectory /Users/Shalini/Desktop/SynechronWS/PaymentProject/src/main/resources
2023-11-10 12:30:25,536 [Worker-51: Building] INFO  o.e.m.c.i.embedder.EclipseLogger - Using 'UTF-8' encoding to copy filtered resources.
2023-11-10 12:30:25,536 [Worker-51: Building] INFO  o.e.m.c.i.embedder.EclipseLogger - skip non existing resourceDirectory /Users/Shalini/Desktop/SynechronWS/PaymentProject/src/test/resources
2023-11-10 12:30:26,063 [Worker-51: Building] INFO  o.e.m.c.i.embedder.EclipseLogger - Using 'UTF-8' encoding to copy filtered resources.
2023-11-10 12:30:26,064 [Worker-51: Building] INFO  o.e.m.c.i.embedder.EclipseLogger - skip non existing resourceDirectory /Users/Shalini/Desktop/SynechronWS/SpringCoreDemo/src/main/resources
2023-11-10 12:30:26,065 [Worker-51: Building] INFO  o.e.m.c.i.embedder.EclipseLogger - Using 'UTF-8' encoding to copy filtered resources.
2023-11-10 12:30:26,065 [Worker-51: Building] INFO  o.e.m.c.i.embedder.EclipseLogger - skip non existing resourceDirectory /Users/Shalini/Desktop/SynechronWS/SpringCoreDemo/src/test/resources
2023-11-10 12:34:45,713 [Worker-48: Building] INFO  o.e.m.c.i.embedder.EclipseLogger - Using 'UTF-8' encoding to copy filtered resources.
2023-11-10 12:34:45,717 [Worker-48: Building] INFO  o.e.m.c.i.embedder.EclipseLogger - skip non existing resourceDirectory /Users/Shalini/Desktop/SynechronWS/SpringCoreDemo/src/main/resources
2023-11-10 12:34:45,718 [Worker-48: Building] INFO  o.e.m.c.i.embedder.EclipseLogger - Using 'UTF-8' encoding to copy filtered resources.
2023-11-10 12:34:45,719 [Worker-48: Building] INFO  o.e.m.c.i.embedder.EclipseLogger - skip non existing resourceDirectory /Users/Shalini/Desktop/SynechronWS/SpringCoreDemo/src/test/resources
2023-11-10 12:34:59,943 [Worker-36: Building] INFO  o.e.m.c.i.embedder.EclipseLogger - Using 'UTF-8' encoding to copy filtered resources.
2023-11-10 12:34:59,943 [Worker-36: Building] INFO  o.e.m.c.i.embedder.EclipseLogger - skip non existing resourceDirectory /Users/Shalini/Desktop/SynechronWS/SpringCoreDemo/src/main/resources
2023-11-10 12:34:59,944 [Worker-36: Building] INFO  o.e.m.c.i.embedder.EclipseLogger - Using 'UTF-8' encoding to copy filtered resources.
2023-11-10 12:34:59,944 [Worker-36: Building] INFO  o.e.m.c.i.embedder.EclipseLogger - skip non existing resourceDirectory /Users/Shalini/Desktop/SynechronWS/SpringCoreDemo/src/test/resources
2023-11-10 12:35:05,207 [Worker-48: Building] INFO  o.e.m.c.i.embedder.EclipseLogger - Using 'UTF-8' encoding to copy filtered resources.
2023-11-10 12:35:05,208 [Worker-48: Building] INFO  o.e.m.c.i.embedder.EclipseLogger - skip non existing resourceDirectory /Users/Shalini/Desktop/SynechronWS/SpringCoreDemo/src/main/resources
2023-11-10 12:35:05,209 [Worker-48: Building] INFO  o.e.m.c.i.embedder.EclipseLogger - Using 'UTF-8' encoding to copy filtered resources.
2023-11-10 12:35:05,209 [Worker-48: Building] INFO  o.e.m.c.i.embedder.EclipseLogger - skip non existing resourceDirectory /Users/Shalini/Desktop/SynechronWS/SpringCoreDemo/src/test/resources
2023-11-10 12:36:06,791 [Worker-48: Building] INFO  o.e.m.c.i.embedder.EclipseLogger - Using 'UTF-8' encoding to copy filtered resources.
2023-11-10 12:36:06,793 [Worker-48: Building] INFO  o.e.m.c.i.embedder.EclipseLogger - skip non existing resourceDirectory /Users/Shalini/Desktop/SynechronWS/SpringCoreDemo/src/main/resources
2023-11-10 12:36:06,794 [Worker-48: Building] INFO  o.e.m.c.i.embedder.EclipseLogger - Using 'UTF-8' encoding to copy filtered resources.
2023-11-10 12:36:06,794 [Worker-48: Building] INFO  o.e.m.c.i.embedder.EclipseLogger - skip non existing resourceDirectory /Users/Shalini/Desktop/SynechronWS/SpringCoreDemo/src/test/resources
2023-11-10 12:36:31,067 [Worker-53: Building] INFO  o.e.m.c.i.embedder.EclipseLogger - Using 'UTF-8' encoding to copy filtered resources.
2023-11-10 12:36:31,071 [Worker-53: Building] INFO  o.e.m.c.i.embedder.EclipseLogger - skip non existing resourceDirectory /Users/Shalini/Desktop/SynechronWS/SpringCoreDemo/src/main/resources
2023-11-10 12:36:31,072 [Worker-53: Building] INFO  o.e.m.c.i.embedder.EclipseLogger - Using 'UTF-8' encoding to copy filtered resources.
2023-11-10 12:36:31,072 [Worker-53: Building] INFO  o.e.m.c.i.embedder.EclipseLogger - skip non existing resourceDirectory /Users/Shalini/Desktop/SynechronWS/SpringCoreDemo/src/test/resources
2023-11-10 12:37:41,949 [Worker-48: Building] INFO  o.e.m.c.i.embedder.EclipseLogger - Using 'UTF-8' encoding to copy filtered resources.
2023-11-10 12:37:41,952 [Worker-48: Building] INFO  o.e.m.c.i.embedder.EclipseLogger - skip non existing resourceDirectory /Users/Shalini/Desktop/SynechronWS/SpringCoreDemo/src/main/resources
2023-11-10 12:37:41,966 [Worker-48: Building] INFO  o.e.m.c.i.embedder.EclipseLogger - Using 'UTF-8' encoding to copy filtered resources.
2023-11-10 12:37:41,966 [Worker-48: Building] INFO  o.e.m.c.i.embedder.EclipseLogger - skip non existing resourceDirectory /Users/Shalini/Desktop/SynechronWS/SpringCoreDemo/src/test/resources
2023-11-10 12:39:52,362 [Worker-55: Building] INFO  o.e.m.c.i.embedder.EclipseLogger - Using 'UTF-8' encoding to copy filtered resources.
2023-11-10 12:39:52,362 [Worker-55: Building] INFO  o.e.m.c.i.embedder.EclipseLogger - skip non existing resourceDirectory /Users/Shalini/Desktop/SynechronWS/SpringCoreDemo/src/main/resources
2023-11-10 12:39:52,363 [Worker-55: Building] INFO  o.e.m.c.i.embedder.EclipseLogger - Using 'UTF-8' encoding to copy filtered resources.
2023-11-10 12:39:52,363 [Worker-55: Building] INFO  o.e.m.c.i.embedder.EclipseLogger - skip non existing resourceDirectory /Users/Shalini/Desktop/SynechronWS/SpringCoreDemo/src/test/resources
2023-11-10 12:40:50,765 [Worker-36: Building] INFO  o.e.m.c.i.embedder.EclipseLogger - Using 'UTF-8' encoding to copy filtered resources.
2023-11-10 12:40:50,765 [Worker-36: Building] INFO  o.e.m.c.i.embedder.EclipseLogger - skip non existing resourceDirectory /Users/Shalini/Desktop/SynechronWS/SpringCoreDemo/src/main/resources
2023-11-10 12:40:50,766 [Worker-36: Building] INFO  o.e.m.c.i.embedder.EclipseLogger - Using 'UTF-8' encoding to copy filtered resources.
2023-11-10 12:40:50,766 [Worker-36: Building] INFO  o.e.m.c.i.embedder.EclipseLogger - skip non existing resourceDirectory /Users/Shalini/Desktop/SynechronWS/SpringCoreDemo/src/test/resources
2023-11-10 12:41:02,896 [Worker-57: Building] INFO  o.e.m.c.i.embedder.EclipseLogger - Using 'UTF-8' encoding to copy filtered resources.
2023-11-10 12:41:02,896 [Worker-57: Building] INFO  o.e.m.c.i.embedder.EclipseLogger - skip non existing resourceDirectory /Users/Shalini/Desktop/SynechronWS/SpringCoreDemo/src/main/resources
2023-11-10 12:41:02,897 [Worker-57: Building] INFO  o.e.m.c.i.embedder.EclipseLogger - Using 'UTF-8' encoding to copy filtered resources.
2023-11-10 12:41:02,897 [Worker-57: Building] INFO  o.e.m.c.i.embedder.EclipseLogger - skip non existing resourceDirectory /Users/Shalini/Desktop/SynechronWS/SpringCoreDemo/src/test/resources
2023-11-10 12:41:12,763 [Worker-54: Building] INFO  o.e.m.c.i.embedder.EclipseLogger - Using 'UTF-8' encoding to copy filtered resources.
2023-11-10 12:41:12,763 [Worker-54: Building] INFO  o.e.m.c.i.embedder.EclipseLogger - skip non existing resourceDirectory /Users/Shalini/Desktop/SynechronWS/SpringCoreDemo/src/main/resources
2023-11-10 12:41:12,765 [Worker-54: Building] INFO  o.e.m.c.i.embedder.EclipseLogger - Using 'UTF-8' encoding to copy filtered resources.
2023-11-10 12:41:12,765 [Worker-54: Building] INFO  o.e.m.c.i.embedder.EclipseLogger - skip non existing resourceDirectory /Users/Shalini/Desktop/SynechronWS/SpringCoreDemo/src/test/resources
2023-11-10 12:41:42,057 [Worker-36: Building] INFO  o.e.m.c.i.embedder.EclipseLogger - Using 'UTF-8' encoding to copy filtered resources.
2023-11-10 12:41:42,058 [Worker-36: Building] INFO  o.e.m.c.i.embedder.EclipseLogger - skip non existing resourceDirectory /Users/Shalini/Desktop/SynechronWS/SpringCoreDemo/src/main/resources
2023-11-10 12:41:42,058 [Worker-36: Building] INFO  o.e.m.c.i.embedder.EclipseLogger - Using 'UTF-8' encoding to copy filtered resources.
2023-11-10 12:41:42,058 [Worker-36: Building] INFO  o.e.m.c.i.embedder.EclipseLogger - skip non existing resourceDirectory /Users/Shalini/Desktop/SynechronWS/SpringCoreDemo/src/test/resources
2023-11-10 12:41:52,092 [Worker-54: Building] INFO  o.e.m.c.i.embedder.EclipseLogger - Using 'UTF-8' encoding to copy filtered resources.
2023-11-10 12:41:52,092 [Worker-54: Building] INFO  o.e.m.c.i.embedder.EclipseLogger - skip non existing resourceDirectory /Users/Shalini/Desktop/SynechronWS/SpringCoreDemo/src/main/resources
2023-11-10 12:41:52,093 [Worker-54: Building] INFO  o.e.m.c.i.embedder.EclipseLogger - Using 'UTF-8' encoding to copy filtered resources.
2023-11-10 12:41:52,094 [Worker-54: Building] INFO  o.e.m.c.i.embedder.EclipseLogger - skip non existing resourceDirectory /Users/Shalini/Desktop/SynechronWS/SpringCoreDemo/src/test/resources
2023-11-10 12:42:50,262 [Worker-48: Building] INFO  o.e.m.c.i.embedder.EclipseLogger - Using 'UTF-8' encoding to copy filtered resources.
2023-11-10 12:42:50,265 [Worker-48: Building] INFO  o.e.m.c.i.embedder.EclipseLogger - skip non existing resourceDirectory /Users/Shalini/Desktop/SynechronWS/SpringCoreDemo/src/main/resources
2023-11-10 12:42:50,266 [Worker-48: Building] INFO  o.e.m.c.i.embedder.EclipseLogger - Using 'UTF-8' encoding to copy filtered resources.
2023-11-10 12:42:50,267 [Worker-48: Building] INFO  o.e.m.c.i.embedder.EclipseLogger - skip non existing resourceDirectory /Users/Shalini/Desktop/SynechronWS/SpringCoreDemo/src/test/resources
2023-11-10 12:42:53,777 [Worker-54: Building] INFO  o.e.m.c.i.embedder.EclipseLogger - Using 'UTF-8' encoding to copy filtered resources.
2023-11-10 12:42:53,778 [Worker-54: Building] INFO  o.e.m.c.i.embedder.EclipseLogger - skip non existing resourceDirectory /Users/Shalini/Desktop/SynechronWS/SpringCoreDemo/src/main/resources
2023-11-10 12:42:53,780 [Worker-54: Building] INFO  o.e.m.c.i.embedder.EclipseLogger - Using 'UTF-8' encoding to copy filtered resources.
2023-11-10 12:42:53,780 [Worker-54: Building] INFO  o.e.m.c.i.embedder.EclipseLogger - skip non existing resourceDirectory /Users/Shalini/Desktop/SynechronWS/SpringCoreDemo/src/test/resources
2023-11-10 12:43:21,803 [Worker-41: Building] INFO  o.e.m.c.i.embedder.EclipseLogger - Using 'UTF-8' encoding to copy filtered resources.
2023-11-10 12:43:21,805 [Worker-41: Building] INFO  o.e.m.c.i.embedder.EclipseLogger - skip non existing resourceDirectory /Users/Shalini/Desktop/SynechronWS/SpringCoreDemo/src/main/resources
2023-11-10 12:43:21,811 [Worker-41: Building] INFO  o.e.m.c.i.embedder.EclipseLogger - Using 'UTF-8' encoding to copy filtered resources.
2023-11-10 12:43:21,811 [Worker-41: Building] INFO  o.e.m.c.i.embedder.EclipseLogger - skip non existing resourceDirectory /Users/Shalini/Desktop/SynechronWS/SpringCoreDemo/src/test/resources
2023-11-10 12:43:27,028 [Worker-48: Building] INFO  o.e.m.c.i.embedder.EclipseLogger - Using 'UTF-8' encoding to copy filtered resources.
2023-11-10 12:43:27,030 [Worker-48: Building] INFO  o.e.m.c.i.embedder.EclipseLogger - skip non existing resourceDirectory /Users/Shalini/Desktop/SynechronWS/SpringCoreDemo/src/main/resources
2023-11-10 12:43:27,032 [Worker-48: Building] INFO  o.e.m.c.i.embedder.EclipseLogger - Using 'UTF-8' encoding to copy filtered resources.
2023-11-10 12:43:27,032 [Worker-48: Building] INFO  o.e.m.c.i.embedder.EclipseLogger - skip non existing resourceDirectory /Users/Shalini/Desktop/SynechronWS/SpringCoreDemo/src/test/resources
2023-11-10 12:45:22,429 [Worker-58: Building] INFO  o.e.m.c.i.embedder.EclipseLogger - Using 'UTF-8' encoding to copy filtered resources.
2023-11-10 12:45:22,431 [Worker-58: Building] INFO  o.e.m.c.i.embedder.EclipseLogger - skip non existing resourceDirectory /Users/Shalini/Desktop/SynechronWS/SpringCoreDemo/src/main/resources
2023-11-10 12:45:22,435 [Worker-58: Building] INFO  o.e.m.c.i.embedder.EclipseLogger - Using 'UTF-8' encoding to copy filtered resources.
2023-11-10 12:45:22,436 [Worker-58: Building] INFO  o.e.m.c.i.embedder.EclipseLogger - skip non existing resourceDirectory /Users/Shalini/Desktop/SynechronWS/SpringCoreDemo/src/test/resources
2023-11-10 12:45:42,993 [Worker-55: Building] INFO  o.e.m.c.i.embedder.EclipseLogger - Using 'UTF-8' encoding to copy filtered resources.
2023-11-10 12:45:42,995 [Worker-55: Building] INFO  o.e.m.c.i.embedder.EclipseLogger - skip non existing resourceDirectory /Users/Shalini/Desktop/SynechronWS/SpringCoreDemo/src/main/resources
2023-11-10 12:45:42,997 [Worker-55: Building] INFO  o.e.m.c.i.embedder.EclipseLogger - Using 'UTF-8' encoding to copy filtered resources.
2023-11-10 12:45:42,997 [Worker-55: Building] INFO  o.e.m.c.i.embedder.EclipseLogger - skip non existing resourceDirectory /Users/Shalini/Desktop/SynechronWS/SpringCoreDemo/src/test/resources
2023-11-10 12:46:41,920 [Worker-58: Building] INFO  o.e.m.c.i.embedder.EclipseLogger - Using 'UTF-8' encoding to copy filtered resources.
2023-11-10 12:46:41,921 [Worker-58: Building] INFO  o.e.m.c.i.embedder.EclipseLogger - skip non existing resourceDirectory /Users/Shalini/Desktop/SynechronWS/SpringCoreDemo/src/main/resources
2023-11-10 12:46:41,921 [Worker-58: Building] INFO  o.e.m.c.i.embedder.EclipseLogger - Using 'UTF-8' encoding to copy filtered resources.
2023-11-10 12:46:41,921 [Worker-58: Building] INFO  o.e.m.c.i.embedder.EclipseLogger - skip non existing resourceDirectory /Users/Shalini/Desktop/SynechronWS/SpringCoreDemo/src/test/resources
2023-11-10 12:47:16,950 [Worker-57: Building] INFO  o.e.m.c.i.embedder.EclipseLogger - Using 'UTF-8' encoding to copy filtered resources.
2023-11-10 12:47:16,950 [Worker-57: Building] INFO  o.e.m.c.i.embedder.EclipseLogger - skip non existing resourceDirectory /Users/Shalini/Desktop/SynechronWS/SpringCoreDemo/src/main/resources
2023-11-10 12:47:16,951 [Worker-57: Building] INFO  o.e.m.c.i.embedder.EclipseLogger - Using 'UTF-8' encoding to copy filtered resources.
2023-11-10 12:47:16,951 [Worker-57: Building] INFO  o.e.m.c.i.embedder.EclipseLogger - skip non existing resourceDirectory /Users/Shalini/Desktop/SynechronWS/SpringCoreDemo/src/test/resources
2023-11-10 12:47:20,864 [Worker-57: Building] INFO  o.e.m.c.i.embedder.EclipseLogger - Using 'UTF-8' encoding to copy filtered resources.
2023-11-10 12:47:20,864 [Worker-57: Building] INFO  o.e.m.c.i.embedder.EclipseLogger - skip non existing resourceDirectory /Users/Shalini/Desktop/SynechronWS/SpringCoreDemo/src/main/resources
2023-11-10 12:47:20,866 [Worker-57: Building] INFO  o.e.m.c.i.embedder.EclipseLogger - Using 'UTF-8' encoding to copy filtered resources.
2023-11-10 12:47:20,866 [Worker-57: Building] INFO  o.e.m.c.i.embedder.EclipseLogger - skip non existing resourceDirectory /Users/Shalini/Desktop/SynechronWS/SpringCoreDemo/src/test/resources
2023-11-10 12:48:11,789 [Worker-36: Building] INFO  o.e.m.c.i.embedder.EclipseLogger - Using 'UTF-8' encoding to copy filtered resources.
2023-11-10 12:48:11,790 [Worker-36: Building] INFO  o.e.m.c.i.embedder.EclipseLogger - skip non existing resourceDirectory /Users/Shalini/Desktop/SynechronWS/SpringCoreDemo/src/main/resources
2023-11-10 12:48:11,792 [Worker-36: Building] INFO  o.e.m.c.i.embedder.EclipseLogger - Using 'UTF-8' encoding to copy filtered resources.
2023-11-10 12:48:11,792 [Worker-36: Building] INFO  o.e.m.c.i.embedder.EclipseLogger - skip non existing resourceDirectory /Users/Shalini/Desktop/SynechronWS/SpringCoreDemo/src/test/resources
2023-11-10 12:48:41,005 [Worker-57: Building] INFO  o.e.m.c.i.embedder.EclipseLogger - Using 'UTF-8' encoding to copy filtered resources.
2023-11-10 12:48:41,006 [Worker-57: Building] INFO  o.e.m.c.i.embedder.EclipseLogger - skip non existing resourceDirectory /Users/Shalini/Desktop/SynechronWS/SpringCoreDemo/src/main/resources
2023-11-10 12:48:41,007 [Worker-57: Building] INFO  o.e.m.c.i.embedder.EclipseLogger - Using 'UTF-8' encoding to copy filtered resources.
2023-11-10 12:48:41,007 [Worker-57: Building] INFO  o.e.m.c.i.embedder.EclipseLogger - skip non existing resourceDirectory /Users/Shalini/Desktop/SynechronWS/SpringCoreDemo/src/test/resources
2023-11-10 12:49:00,998 [Worker-41: Building] INFO  o.e.m.c.i.embedder.EclipseLogger - Using 'UTF-8' encoding to copy filtered resources.
2023-11-10 12:49:00,999 [Worker-41: Building] INFO  o.e.m.c.i.embedder.EclipseLogger - skip non existing resourceDirectory /Users/Shalini/Desktop/SynechronWS/SpringCoreDemo/src/main/resources
2023-11-10 12:49:01,001 [Worker-41: Building] INFO  o.e.m.c.i.embedder.EclipseLogger - Using 'UTF-8' encoding to copy filtered resources.
2023-11-10 12:49:01,001 [Worker-41: Building] INFO  o.e.m.c.i.embedder.EclipseLogger - skip non existing resourceDirectory /Users/Shalini/Desktop/SynechronWS/SpringCoreDemo/src/test/resources
2023-11-10 12:49:15,284 [Worker-36: Building] INFO  o.e.m.c.i.embedder.EclipseLogger - Using 'UTF-8' encoding to copy filtered resources.
2023-11-10 12:49:15,285 [Worker-36: Building] INFO  o.e.m.c.i.embedder.EclipseLogger - skip non existing resourceDirectory /Users/Shalini/Desktop/SynechronWS/SpringCoreDemo/src/main/resources
2023-11-10 12:49:15,287 [Worker-36: Building] INFO  o.e.m.c.i.embedder.EclipseLogger - Using 'UTF-8' encoding to copy filtered resources.
2023-11-10 12:49:15,288 [Worker-36: Building] INFO  o.e.m.c.i.embedder.EclipseLogger - skip non existing resourceDirectory /Users/Shalini/Desktop/SynechronWS/SpringCoreDemo/src/test/resources
2023-11-10 12:49:18,995 [Worker-58: Building] INFO  o.e.m.c.i.embedder.EclipseLogger - Using 'UTF-8' encoding to copy filtered resources.
2023-11-10 12:49:18,997 [Worker-58: Building] INFO  o.e.m.c.i.embedder.EclipseLogger - skip non existing resourceDirectory /Users/Shalini/Desktop/SynechronWS/SpringCoreDemo/src/main/resources
2023-11-10 12:49:18,999 [Worker-58: Building] INFO  o.e.m.c.i.embedder.EclipseLogger - Using 'UTF-8' encoding to copy filtered resources.
2023-11-10 12:49:18,999 [Worker-58: Building] INFO  o.e.m.c.i.embedder.EclipseLogger - skip non existing resourceDirectory /Users/Shalini/Desktop/SynechronWS/SpringCoreDemo/src/test/resources
2023-11-10 12:49:57,174 [Worker-48: Building] INFO  o.e.m.c.i.embedder.EclipseLogger - Using 'UTF-8' encoding to copy filtered resources.
2023-11-10 12:49:57,174 [Worker-48: Building] INFO  o.e.m.c.i.embedder.EclipseLogger - skip non existing resourceDirectory /Users/Shalini/Desktop/SynechronWS/SpringCoreDemo/src/main/resources
2023-11-10 12:49:57,176 [Worker-48: Building] INFO  o.e.m.c.i.embedder.EclipseLogger - Using 'UTF-8' encoding to copy filtered resources.
2023-11-10 12:49:57,176 [Worker-48: Building] INFO  o.e.m.c.i.embedder.EclipseLogger - skip non existing resourceDirectory /Users/Shalini/Desktop/SynechronWS/SpringCoreDemo/src/test/resources
